<?xml version="1.0" encoding="UTF-8"?>
<testsuite xmlns:xsi="http://www.w3.org/2001/XMLSchema-instance" xsi:noNamespaceSchemaLocation="https://maven.apache.org/surefire/maven-surefire-plugin/xsd/surefire-test-report.xsd" name="com.specific.repository.CategoryRepositoryTest" time="1.611" tests="1" errors="1" skipped="0" failures="0">
  <properties>
[...]
</properties>
  <testcase name="com.specific.repository.CategoryRepositoryTest" classname="com.specific.repository.CategoryRepositoryTest" time="1.611">
    <error message="Check failed: Docker environment should have more than 2GB free disk space" type="java.lang.IllegalStateException">java.lang.IllegalStateException: Check failed: Docker environment should have more than 2GB free disk space
</error>
    <system-out><![CDATA[2022-06-23 00:03:33.553  INFO 12620 --- [           main] b.t.a.o.j.DataJpaTestContextBootstrapper : Neither @ContextConfiguration nor @ContextHierarchy found for test class [com.specific.repository.CategoryRepositoryTest], using SpringBootContextLoader
2022-06-23 00:03:33.554  INFO 12620 --- [           main] o.s.t.c.support.AbstractContextLoader    : Could not detect default resource locations for test class [com.specific.repository.CategoryRepositoryTest]: no resource found for suffixes {-context.xml, Context.groovy}.
2022-06-23 00:03:33.554  INFO 12620 --- [           main] t.c.s.AnnotationConfigContextLoaderUtils : Could not detect default configuration classes for test class [com.specific.repository.CategoryRepositoryTest]: CategoryRepositoryTest does not declare any static, non-private, non-final, nested classes annotated with @Configuration.
2022-06-23 00:03:33.566  INFO 12620 --- [           main] .b.t.c.SpringBootTestContextBootstrapper : Found @SpringBootConfiguration com.specific.ProjSpecificServiceApplication for test class com.specific.repository.CategoryRepositoryTest
2022-06-23 00:03:33.567  INFO 12620 --- [           main] b.t.a.o.j.DataJpaTestContextBootstrapper : Loaded default TestExecutionListener class names from location [META-INF/spring.factories]: [org.springframework.test.context.web.ServletTestExecutionListener, org.springframework.test.context.support.DirtiesContextBeforeModesTestExecutionListener, org.springframework.test.context.event.ApplicationEventsTestExecutionListener, org.springframework.test.context.support.DependencyInjectionTestExecutionListener, org.springframework.test.context.support.DirtiesContextTestExecutionListener, org.springframework.test.context.transaction.TransactionalTestExecutionListener, org.springframework.test.context.jdbc.SqlScriptsTestExecutionListener, org.springframework.test.context.event.EventPublishingTestExecutionListener, org.springframework.boot.test.mock.mockito.MockitoTestExecutionListener, org.springframework.boot.test.mock.mockito.ResetMocksTestExecutionListener, org.springframework.boot.test.autoconfigure.restdocs.RestDocsTestExecutionListener, org.springframework.boot.test.autoconfigure.web.client.MockRestServiceServerResetTestExecutionListener, org.springframework.boot.test.autoconfigure.web.servlet.MockMvcPrintOnlyOnFailureTestExecutionListener, org.springframework.boot.test.autoconfigure.web.servlet.WebDriverTestExecutionListener, org.springframework.boot.test.autoconfigure.webservices.client.MockWebServiceServerTestExecutionListener]
2022-06-23 00:03:33.567  INFO 12620 --- [           main] b.t.a.o.j.DataJpaTestContextBootstrapper : Using TestExecutionListeners: [org.springframework.test.context.web.ServletTestExecutionListener@4c15806b, org.springframework.test.context.support.DirtiesContextBeforeModesTestExecutionListener@c18b7e0, org.springframework.test.context.event.ApplicationEventsTestExecutionListener@1b4fdb9e, org.springframework.boot.test.mock.mockito.MockitoTestExecutionListener@204ff1ce, org.springframework.boot.test.autoconfigure.SpringBootDependencyInjectionTestExecutionListener@40393b74, org.springframework.test.context.support.DirtiesContextTestExecutionListener@9572324, org.springframework.test.context.transaction.TransactionalTestExecutionListener@6c218abb, org.springframework.test.context.jdbc.SqlScriptsTestExecutionListener@33bfc770, org.springframework.test.context.event.EventPublishingTestExecutionListener@3ad4b8e8, org.springframework.boot.test.mock.mockito.ResetMocksTestExecutionListener@aaae295, org.springframework.boot.test.autoconfigure.restdocs.RestDocsTestExecutionListener@6abed529, org.springframework.boot.test.autoconfigure.web.client.MockRestServiceServerResetTestExecutionListener@27f70b49, org.springframework.boot.test.autoconfigure.web.servlet.MockMvcPrintOnlyOnFailureTestExecutionListener@38fbe4a7, org.springframework.boot.test.autoconfigure.web.servlet.WebDriverTestExecutionListener@65981767, org.springframework.boot.test.autoconfigure.webservices.client.MockWebServiceServerTestExecutionListener@79938160]
2022-06-23 00:03:33.694  INFO 12620 --- [           main] o.t.d.DockerClientProviderStrategy       : Loaded org.testcontainers.dockerclient.UnixSocketClientProviderStrategy from ~/.testcontainers.properties, will try it first
2022-06-23 00:03:34.363  INFO 12620 --- [           main] o.t.d.DockerClientProviderStrategy       : Found Docker environment with local Unix socket (unix:///var/run/docker.sock)
2022-06-23 00:03:34.365  INFO 12620 --- [           main] org.testcontainers.DockerClientFactory   : Docker host IP address is localhost
2022-06-23 00:03:34.400  INFO 12620 --- [           main] org.testcontainers.DockerClientFactory   : Connected to docker: 
  Server Version: 20.10.12
  API Version: 1.41
  Operating System: Ubuntu 20.04.4 LTS
  Total Memory: 7764 MB
2022-06-23 00:03:34.406  INFO 12620 --- [           main] o.t.utility.ImageNameSubstitutor         : Image name substitution will be performed by: DefaultImageNameSubstitutor (composite of 'ConfigurationFileImageNameSubstitutor' and 'PrefixingImageNameSubstitutor')
2022-06-23 00:03:34.458  INFO 12620 --- [           main] o.t.utility.RegistryAuthLocator          : Failure when attempting to lookup auth config. Please ignore if you don't have images in an authenticated registry. Details: (dockerImageName: testcontainers/ryuk:0.3.1, configFile: /home/daniel/.docker/config.json. Falling back to docker-java default behaviour. Exception message: /home/daniel/.docker/config.json (Ficheiro ou pasta inexistente)
2022-06-23 00:03:35.046  INFO 12620 --- [           main] org.testcontainers.DockerClientFactory   : Ryuk started - will monitor and terminate Testcontainers containers on JVM exit
2022-06-23 00:03:35.047  INFO 12620 --- [           main] org.testcontainers.DockerClientFactory   : Checking the system...
2022-06-23 00:03:35.047  INFO 12620 --- [           main] org.testcontainers.DockerClientFactory   : ✔︎ Docker server version should be at least 1.6.0
2022-06-23 00:03:35.150 ERROR 12620 --- [           main] org.testcontainers.DockerClientFactory   : ❌ Docker environment should have more than 2GB free disk space
]]></system-out>
  </testcase>
</testsuite>