<?xml version="1.0" encoding="UTF-8"?>
<testsuite xmlns:xsi="http://www.w3.org/2001/XMLSchema-instance" xsi:noNamespaceSchemaLocation="https://maven.apache.org/surefire/maven-surefire-plugin/xsd/surefire-test-report.xsd" name="com.specific.repository.CategoryRepositoryTest" time="33.793" tests="6" errors="0" skipped="0" failures="0">
  <properties>
[...]
</properties>
  <testcase name="testCreateCategoriesAndFindByAll_thenReturnThem" classname="com.specific.repository.CategoryRepositoryTest" time="0.033"/>
  <testcase name="testNoCategories_thenReturnEmpty" classname="com.specific.repository.CategoryRepositoryTest" time="0.008"/>
  <testcase name="testWhenFindByInvalidId_thenReturnNull" classname="com.specific.repository.CategoryRepositoryTest" time="0.021"/>
  <testcase name="testCreateCategoryAndFindByName_thenReturn" classname="com.specific.repository.CategoryRepositoryTest" time="0.027"/>
  <testcase name="testWhenFindByInvalidName_thenReturnNull" classname="com.specific.repository.CategoryRepositoryTest" time="0.017"/>
  <testcase name="testCreateCategoryAndFindById_thenReturn" classname="com.specific.repository.CategoryRepositoryTest" time="0.012"/>
</testsuite>